<?xml version="1.0" encoding="utf-8"?><testsuites name="pytest tests"><testsuite name="pytest" errors="0" failures="0" skipped="5" tests="51" time="14.654" timestamp="2026-07-14T19:07:01.352131+00:00" hostname="agent-env-1b4f8b2f-ae41-4254-a872-fe7b11c399fb"><testcase classname="tests.backend_test.TestSuggest" name="test_suggest_city_prefix_ly" time="0.174" /><testcase classname="tests.backend_test.TestPoints" name="test_get_all_points" time="0.402" /><testcase classname="tests.backend_test.TestSuggest" name="test_suggest_postal_code_69" time="0.161" /><testcase classname="tests.backend_test.TestSuggest" name="test_suggest_empty_q_returns_empty" time="0.065" /><testcase classname="tests.backend_test.TestPoints" name="test_point_schema" time="0.255" /><testcase classname="tests.backend_test.TestSuggest" name="test_suggest_whitespace_q_returns_empty" time="0.060" /><testcase classname="tests.backend_test.TestSuggest" name="test_suggest_accent_insensitive" time="0.164" /><testcase classname="tests.backend_test.TestSuggest" name="test_suggest_limit_default_8" time="0.069" /><testcase classname="tests.backend_test.TestPoints" name="test_ptype_relais_only" time="0.196" /><testcase classname="tests.backend_test.TestSuggest" name="test_suggest_limit_param" time="0.143" /><testcase classname="tests.backend_test.TestSuggest" name="test_suggest_no_match" time="0.064" /><testcase classname="tests.backend_test.TestPoints" name="test_ptype_locker_only" time="0.126" /><testcase classname="tests.backend_test.TestLivePoints" name="test_live_by_query_lyon" time="1.827"><skipped type="pytest.skip" message="geocode unavailable: Service de géocodage momentanément indisponible, réessayez">/app/backend/tests/backend_test.py:532: geocode unavailable: Service de géocodage momentanément indisponible, réessayez</skipped></testcase><testcase classname="tests.backend_test.TestPoints" name="test_ptype_all_equals_no_param" time="0.511" /><testcase classname="tests.backend_test.TestPoints" name="test_ptype_locker_and_search_lyon" time="0.073" /><testcase classname="tests.backend_test.TestPoints" name="test_ptype_relais_and_carrier_dpd" time="0.109" /><testcase classname="tests.backend_test.TestPoints" name="test_filter_by_carriers" time="0.142" /><testcase classname="tests.backend_test.TestPoints" name="test_search_by_city" time="0.083" /><testcase classname="tests.backend_test.TestPoints" name="test_search_by_postal_code" time="0.085" /><testcase classname="tests.backend_test.TestPoints" name="test_search_accent_insensitive_nimes" time="0.084" /><testcase classname="tests.backend_test.TestPoints" name="test_search_lyon_count" time="0.086" /><testcase classname="tests.backend_test.TestPoints" name="test_search_accent_insensitive_uppercase" time="0.320" /><testcase classname="tests.backend_test.TestPoints" name="test_distance_sort" time="0.277" /><testcase classname="tests.backend_test.TestLivePoints" name="test_live_by_latlng_lyon" time="3.700" /><testcase classname="tests.backend_test.TestPoints" name="test_get_point_by_id" time="0.310" /><testcase classname="tests.backend_test.TestPoints" name="test_get_point_404" time="0.067" /><testcase classname="tests.backend_test.TestCarriersList" name="test_all_points_have_carriers_field" time="0.250" /><testcase classname="tests.backend_test.TestCarriersList" name="test_locker_has_exactly_one_carrier" time="0.147" /><testcase classname="tests.backend_test.TestCarriersList" name="test_relais_can_have_multiple_carriers" time="0.209" /><testcase classname="tests.backend_test.TestCarriersList" name="test_filter_dpd_matches_carriers_list" time="0.497" /><testcase classname="tests.backend_test.TestCarriersList" name="test_filter_vinted_go_matches_carriers_list" time="0.112" /><testcase classname="tests.backend_test.TestCarriersList" name="test_filter_amazon_matches_carriers_list" time="0.119" /><testcase classname="tests.backend_test.TestAuth" name="test_login_admin" time="0.378" /><testcase classname="tests.backend_test.TestAuth" name="test_login_wrong_password" time="0.373" /><testcase classname="tests.backend_test.TestAuth" name="test_register_duplicate" time="0.550" /><testcase classname="tests.backend_test.TestAuth" name="test_me_unauth" time="0.136" /><testcase classname="tests.backend_test.TestAuth" name="test_me_authed" time="0.063" /><testcase classname="tests.backend_test.TestAuth" name="test_logout_clears_cookie" time="0.523" /><testcase classname="tests.backend_test.TestLivePoints" name="test_live_no_center_returns_empty" time="0.175" /><testcase classname="tests.backend_test.TestGeocode" name="test_geocode_valid_address_paris" time="1.700"><skipped type="pytest.skip" message="Nominatim external service unavailable (rate-limit/timeout)">/app/backend/tests/backend_test.py:284: Nominatim external service unavailable (rate-limit/timeout)</skipped></testcase><testcase classname="tests.backend_test.TestLivePoints" name="test_live_invalid_place_returns_no_center" time="2.148" /><testcase classname="tests.backend_test.TestGeocode" name="test_geocode_invalid_address" time="1.547"><skipped type="pytest.skip" message="Nominatim external service unavailable">/app/backend/tests/backend_test.py:295: Nominatim external service unavailable</skipped></testcase><testcase classname="tests.backend_test.TestLivePoints" name="test_live_filter_ptype_locker" time="2.142"><skipped type="pytest.skip" message="geocode unavailable: Service de géocodage momentanément indisponible, réessayez">/app/backend/tests/backend_test.py:591: geocode unavailable: Service de géocodage momentanément indisponible, réessayez</skipped></testcase><testcase classname="tests.backend_test.TestGeocode" name="test_geocode_empty_query" time="0.069" /><testcase classname="tests.backend_test.TestFavorites" name="test_favorites_require_auth" time="0.503" /><testcase classname="tests.backend_test.TestFavorites" name="test_favorite_lifecycle" time="0.670" /><testcase classname="tests.backend_test.TestLivePoints" name="test_live_filter_carriers_amazon" time="1.722"><skipped type="pytest.skip" message="geocode unavailable: Service de géocodage momentanément indisponible, réessayez">/app/backend/tests/backend_test.py:604: geocode unavailable: Service de géocodage momentanément indisponible, réessayez</skipped></testcase><testcase classname="tests.backend_test.TestFavorites" name="test_favorite_invalid_point" time="0.068" /><testcase classname="tests.backend_test.TestCarriers" name="test_get_carriers" time="0.069" /><testcase classname="tests.backend_test.TestLivePoints" name="test_live_gracefully_handles_geocode_failure" time="1.299" /><testcase classname="tests.backend_test.TestGZip" name="test_gzip_encoding_on_points" time="0.352" /></testsuite></testsuites>