<?xml version="1.0" encoding="utf-8"?><testsuites name="pytest tests"><testsuite name="pytest" errors="0" failures="0" skipped="0" tests="70" time="18.110" timestamp="2026-07-14T23:38:09.659414+00:00" hostname="agent-env-1b4f8b2f-ae41-4254-a872-fe7b11c399fb"><testcase classname="tests.backend_test.TestPoints" name="test_get_all_points" time="0.343" /><testcase classname="tests.backend_test.TestPoints" name="test_point_schema" time="0.356" /><testcase classname="tests.backend_test.TestAdminPointOverrides" name="test_put_without_auth_returns_401" time="1.382" /><testcase classname="tests.backend_test.TestPoints" name="test_ptype_relais_only" time="0.184" /><testcase classname="tests.backend_test.TestPoints" name="test_ptype_locker_only" time="0.108" /><testcase classname="tests.backend_test.TestPoints" name="test_ptype_all_equals_no_param" time="0.630" /><testcase classname="tests.backend_test.TestPoints" name="test_ptype_locker_and_search_lyon" time="0.200" /><testcase classname="tests.backend_test.TestPoints" name="test_ptype_relais_and_carrier_dpd" time="0.079" /><testcase classname="tests.backend_test.TestPoints" name="test_filter_by_carriers" time="0.126" /><testcase classname="tests.backend_test.TestAdminPointOverrides" name="test_delete_without_auth_returns_401" time="1.056" /><testcase classname="tests.backend_test.TestPoints" name="test_search_by_city" time="0.067" /><testcase classname="tests.backend_test.TestPoints" name="test_search_by_postal_code" time="0.268" /><testcase classname="tests.backend_test.TestPoints" name="test_search_accent_insensitive_nimes" time="0.059" /><testcase classname="tests.backend_test.TestPoints" name="test_search_lyon_count" time="0.061" /><testcase classname="tests.backend_test.TestPoints" name="test_search_accent_insensitive_uppercase" time="0.361" /><testcase classname="tests.backend_test.TestPoints" name="test_distance_sort" time="0.477" /><testcase classname="tests.backend_test.TestAdminPointOverrides" name="test_put_as_regular_user_returns_403" time="1.374" /><testcase classname="tests.backend_test.TestPoints" name="test_get_point_by_id" time="0.439" /><testcase classname="tests.backend_test.TestPoints" name="test_get_point_404" time="0.049" /><testcase classname="tests.backend_test.TestSuggest" name="test_suggest_city_prefix_ly" time="0.050" /><testcase classname="tests.backend_test.TestSuggest" name="test_suggest_postal_code_69" time="0.048" /><testcase classname="tests.backend_test.TestSuggest" name="test_suggest_empty_q_returns_empty" time="0.224" /><testcase classname="tests.backend_test.TestSuggest" name="test_suggest_whitespace_q_returns_empty" time="0.055" /><testcase classname="tests.backend_test.TestSuggest" name="test_suggest_accent_insensitive" time="0.043" /><testcase classname="tests.backend_test.TestAdminPointOverrides" name="test_delete_as_regular_user_returns_403" time="0.873" /><testcase classname="tests.backend_test.TestSuggest" name="test_suggest_limit_default_8" time="0.048" /><testcase classname="tests.backend_test.TestSuggest" name="test_suggest_limit_param" time="0.080" /><testcase classname="tests.backend_test.TestSuggest" name="test_suggest_no_match" time="0.269" /><testcase classname="tests.backend_test.TestPasswordReset" name="test_forgot_existing_returns_reset_token" time="0.680" /><testcase classname="tests.backend_test.TestAdminPointOverrides" name="test_admin_put_updates_name_and_coords_and_persists" time="2.145" /><testcase classname="tests.backend_test.TestPasswordReset" name="test_forgot_nonexistent_no_token" time="0.260" /><testcase classname="tests.backend_test.TestPasswordReset" name="test_forgot_email_case_insensitive" time="0.548" /><testcase classname="tests.backend_test.TestPasswordReset" name="test_reset_success_and_login_with_new_password" time="2.052" /><testcase classname="tests.backend_test.TestAdminPointOverrides" name="test_admin_delete_resets_point" time="2.187" /><testcase classname="tests.backend_test.TestPasswordReset" name="test_reset_with_invalid_token" time="0.134" /><testcase classname="tests.backend_test.TestPasswordReset" name="test_reset_token_reuse_returns_400" time="1.304" /><testcase classname="tests.backend_test.TestAdminPointOverrides" name="test_put_lat_out_of_france_returns_400" time="1.468" /><testcase classname="tests.backend_test.TestPasswordReset" name="test_reset_short_password_returns_422" time="0.276" /><testcase classname="tests.backend_test.TestPasswordReset" name="test_admin_login_still_works_regression" time="0.320" /><testcase classname="tests.backend_test.TestLivePoints" name="test_live_by_query_lyon" time="2.176" /><testcase classname="tests.backend_test.TestAdminPointOverrides" name="test_put_lng_out_of_france_returns_400" time="1.181" /><testcase classname="tests.backend_test.TestAdminPointOverrides" name="test_put_nonexistent_point_returns_404" time="1.133" /><testcase classname="tests.backend_test.TestLivePoints" name="test_live_by_latlng_lyon" time="1.991" /><testcase classname="tests.backend_test.TestAdminPointOverrides" name="test_delete_nonexistent_point_returns_404" time="1.144" /><testcase classname="tests.backend_test.TestCarriersList" name="test_all_points_have_carriers_field" time="0.330" /><testcase classname="tests.backend_test.TestCarriersList" name="test_locker_has_exactly_one_carrier" time="0.099" /><testcase classname="tests.backend_test.TestCarriersList" name="test_relais_can_have_multiple_carriers" time="0.173" /><testcase classname="tests.backend_test.TestLivePoints" name="test_live_no_center_returns_empty" time="0.161" /><testcase classname="tests.backend_test.TestLivePoints" name="test_live_invalid_place_returns_no_center" time="0.192" /><testcase classname="tests.backend_test.TestCarriersList" name="test_filter_dpd_matches_carriers_list" time="0.095" /><testcase classname="tests.backend_test.TestCarriersList" name="test_filter_vinted_go_matches_carriers_list" time="0.091" /><testcase classname="tests.backend_test.TestLivePoints" name="test_live_filter_ptype_locker" time="0.167" /><testcase classname="tests.backend_test.TestCarriersList" name="test_filter_amazon_matches_carriers_list" time="0.088" /><testcase classname="tests.backend_test.TestAuth" name="test_login_admin" time="0.320" /><testcase classname="tests.backend_test.TestLivePoints" name="test_live_filter_carriers_amazon" time="0.310" /><testcase classname="tests.backend_test.TestAuth" name="test_login_wrong_password" time="0.363" /><testcase classname="tests.backend_test.TestLivePoints" name="test_live_gracefully_handles_geocode_failure" time="0.375" /><testcase classname="tests.backend_test.TestAuth" name="test_register_duplicate" time="0.123" /><testcase classname="tests.backend_test.TestGeocode" name="test_geocode_valid_address_paris" time="0.102" /><testcase classname="tests.backend_test.TestAuth" name="test_me_unauth" time="0.101" /><testcase classname="tests.backend_test.TestGeocode" name="test_geocode_invalid_address" time="0.106" /><testcase classname="tests.backend_test.TestAuth" name="test_me_authed" time="0.051" /><testcase classname="tests.backend_test.TestAuth" name="test_logout_clears_cookie" time="0.411" /><testcase classname="tests.backend_test.TestGeocode" name="test_geocode_empty_query" time="0.043" /><testcase classname="tests.backend_test.TestFavorites" name="test_favorites_require_auth" time="0.476" /><testcase classname="tests.backend_test.TestCarriers" name="test_get_carriers" time="0.049" /><testcase classname="tests.backend_test.TestGZip" name="test_gzip_encoding_on_points" time="0.291" /><testcase classname="tests.backend_test.TestAdminPartial" name="test_admin_partial_update_name_only" time="1.048" /><testcase classname="tests.backend_test.TestFavorites" name="test_favorite_lifecycle" time="1.354" /><testcase classname="tests.backend_test.TestFavorites" name="test_favorite_invalid_point" time="0.046" /></testsuite></testsuites>