<?xml version="1.0" encoding="utf-8"?><testsuites name="pytest tests"><testsuite name="pytest" errors="0" failures="1" skipped="0" tests="6" time="36.966" timestamp="2026-07-14T18:56:52.159880+00:00" hostname="agent-env-1b4f8b2f-ae41-4254-a872-fe7b11c399fb"><testcase classname="tests.backend_test.TestLivePoints" name="test_live_by_query_lyon" time="17.122" /><testcase classname="tests.backend_test.TestLivePoints" name="test_live_by_latlng_lyon" time="18.172"><failure message="assert 502 == 200&#10; +  where 502 = &lt;Response [502]&gt;.status_code">backend/tests/backend_test.py:537: in test_live_by_latlng_lyon
    assert r.status_code == 200
E   assert 502 == 200
E    +  where 502 = &lt;Response [502]&gt;.status_code</failure></testcase><testcase classname="tests.backend_test.TestLivePoints" name="test_live_no_center_returns_empty" time="0.182" /><testcase classname="tests.backend_test.TestLivePoints" name="test_live_invalid_place_returns_no_center" time="0.554" /><testcase classname="tests.backend_test.TestLivePoints" name="test_live_filter_ptype_locker" time="0.271" /><testcase classname="tests.backend_test.TestLivePoints" name="test_live_filter_carriers_amazon" time="0.253" /></testsuite></testsuites>